<?xml version="1.0" encoding="UTF-8"?>
<!-- Generated by org.testng.reporters.JUnitXMLReporter -->
<testsuite hostname="DESKTOP-C1US6VV" failures="0" tests="4" name="Test" time="25.28" errors="0" timestamp="13 Nov 2023 09:54:26 GMT">
  <testcase classname="ParaBankTestPages.registrationTestPage" name="browserLaunch" time="9.837"/>
  <testcase classname="ParaBankTestPages.loginTestpage" name="browserLaunch" time="7.563"/>
  <testcase classname="ParaBankTestPages.registrationTestPage" name="registerData" time="4.317"/>
  <testcase classname="ParaBankTestPages.loginTestpage" name="enterData" time="3.511"/>
</testsuite> <!-- Test -->
